app/build/intermediates/manifest_merge_blame_file/debug/manifest-merger-blame-debug-report.txt
1<?xml version="1.0" encoding="utf-8"?>
2<manifest xmlns:android="http://schemas.android.com/apk/res/android"
3    package="org.tensorflow.lite.examples.posenet"
4    android:versionCode="1"
5    android:versionName="1.0" >
6
7    <uses-sdk
7-->src/main/AndroidManifest.xml:10:3-15
8        android:minSdkVersion="21"
8-->src/main/AndroidManifest.xml:10:3-15
9        android:targetSdkVersion="23" />
9-->src/main/AndroidManifest.xml:10:3-15
10
11    <uses-permission android:name="android.permission.CAMERA" />
11-->src/main/AndroidManifest.xml:5:3-63
11-->src/main/AndroidManifest.xml:5:20-60
12
13    <uses-feature android:name="android.hardware.camera" />
13-->src/main/AndroidManifest.xml:7:3-58
13-->src/main/AndroidManifest.xml:7:17-55
14    <uses-feature android:name="android.hardware.camera.autofocus" />
14-->src/main/AndroidManifest.xml:8:3-68
14-->src/main/AndroidManifest.xml:8:17-65
15
16    <application
16-->src/main/AndroidManifest.xml:12:3-27:17
17        android:allowBackup="true"
17-->src/main/AndroidManifest.xml:13:7-33
18        android:appComponentFactory="androidx.core.app.CoreComponentFactory"
18-->[androidx.core:core:1.1.0] AndroidManifest.xml:24:18-86
19        android:debuggable="true"
20        android:icon="@mipmap/ic_launcher_posent"
20-->src/main/AndroidManifest.xml:14:7-48
21        android:label="@string/tfe_pn_app_name"
21-->src/main/AndroidManifest.xml:15:7-46
22        android:roundIcon="@mipmap/ic_launcher_posent_round"
22-->src/main/AndroidManifest.xml:16:7-59
23        android:supportsRtl="true"
23-->src/main/AndroidManifest.xml:17:7-33
24        android:testOnly="true"
25        android:theme="@style/AppTheme.Posenet" >
25-->src/main/AndroidManifest.xml:18:7-46
26        <activity
26-->src/main/AndroidManifest.xml:20:5-25:16
27            android:name="org.tensorflow.lite.examples.posenet.CameraActivity"
27-->src/main/AndroidManifest.xml:20:15-45
28            android:exported="true" >
28-->src/main/AndroidManifest.xml:20:46-69
29            <intent-filter>
29-->src/main/AndroidManifest.xml:21:7-24:23
30                <action android:name="android.intent.action.MAIN" />
30-->src/main/AndroidManifest.xml:22:9-60
30-->src/main/AndroidManifest.xml:22:17-58
31
32                <category android:name="android.intent.category.LAUNCHER" />
32-->src/main/AndroidManifest.xml:23:9-68
32-->src/main/AndroidManifest.xml:23:19-66
33            </intent-filter>
34        </activity>
35    </application>
36
37</manifest>